[ 2016-10-12T22:04:18+08:00 ] ::1 /blog/index.php
INFO: [ app_init ] --START--
INFO: Run Behavior\BuildLiteBehavior [ RunTime:0.000000s ]
INFO: [ app_init ] --END-- [ RunTime:0.000000s ]
INFO: [ app_begin ] --START--
INFO: Run Behavior\ReadHtmlCacheBehavior [ RunTime:0.000000s ]
INFO: [ app_begin ] --END-- [ RunTime:0.015600s ]
SQL: SHOW COLUMNS FROM `zbg_cate` [ RunTime:0.0166s ]
SQL: SELECT * FROM `zbg_cate` ORDER BY sort desc  [ RunTime:0.0010s ]
SQL: SHOW COLUMNS FROM `zbg_link` [ RunTime:0.0090s ]
SQL: SELECT * FROM `zbg_link` ORDER BY sort desc  [ RunTime:0.0000s ]
SQL: SHOW COLUMNS FROM `zbg_article` [ RunTime:0.0080s ]
SQL: SELECT * FROM `zbg_article` ORDER BY time desc LIMIT 8   [ RunTime:0.0000s ]
INFO: [ view_parse ] --START--
INFO: [ template_filter ] --START--
INFO: Run Behavior\ContentReplaceBehavior [ RunTime:0.000000s ]
INFO: [ template_filter ] --END-- [ RunTime:0.000000s ]
NOTIC: [8] Undefined variable: current G:\wamp\www\blog\Application\Runtime\Cache\Home\2a94b8bda04ff446dcedd42276fc99ee.php 第 92 行.
NOTIC: [8] Undefined variable: current G:\wamp\www\blog\Application\Runtime\Cache\Home\2a94b8bda04ff446dcedd42276fc99ee.php 第 92 行.
NOTIC: [8] Undefined variable: current G:\wamp\www\blog\Application\Runtime\Cache\Home\2a94b8bda04ff446dcedd42276fc99ee.php 第 92 行.
NOTIC: [8] Undefined variable: current G:\wamp\www\blog\Application\Runtime\Cache\Home\2a94b8bda04ff446dcedd42276fc99ee.php 第 92 行.
NOTIC: [8] Undefined variable: current G:\wamp\www\blog\Application\Runtime\Cache\Home\2a94b8bda04ff446dcedd42276fc99ee.php 第 92 行.
NOTIC: [8] Undefined variable: current G:\wamp\www\blog\Application\Runtime\Cache\Home\2a94b8bda04ff446dcedd42276fc99ee.php 第 92 行.
INFO: Run Behavior\ParseTemplateBehavior [ RunTime:0.027601s ]
INFO: [ view_parse ] --END-- [ RunTime:0.027601s ]
INFO: [ view_filter ] --START--
INFO: Run Behavior\WriteHtmlCacheBehavior [ RunTime:0.000000s ]
INFO: [ view_filter ] --END-- [ RunTime:0.000000s ]
INFO: [ app_end ] --START--
INFO: Run Behavior\ShowPageTraceBehavior [ RunTime:0.000000s ]
INFO: [ app_end ] --END-- [ RunTime:0.000000s ]

[ 2016-10-12T22:04:24+08:00 ] ::1 /blog/index.php/Home/Cate/index/id/1
INFO: [ app_init ] --START--
INFO: Run Behavior\BuildLiteBehavior [ RunTime:0.000000s ]
INFO: [ app_init ] --END-- [ RunTime:0.001000s ]
INFO: [ app_begin ] --START--
INFO: Run Behavior\ReadHtmlCacheBehavior [ RunTime:0.001000s ]
INFO: [ app_begin ] --END-- [ RunTime:0.002000s ]
SQL: SHOW COLUMNS FROM `zbg_cate` [ RunTime:0.0050s ]
SQL: SELECT * FROM `zbg_cate` ORDER BY sort desc  [ RunTime:0.0000s ]
SQL: SHOW COLUMNS FROM `zbg_link` [ RunTime:0.0040s ]
SQL: SELECT * FROM `zbg_link` ORDER BY sort desc  [ RunTime:0.0000s ]
SQL: SHOW COLUMNS FROM `zbg_article` [ RunTime:0.0050s ]
SQL: SELECT * FROM `zbg_article` ORDER BY time desc LIMIT 8   [ RunTime:0.0010s ]
NOTIC: [8] Undefined variable: User G:\wamp\www\blog\Application\Home\Controller\CateController.class.php 第 9 行.

[ 2016-10-12T22:05:04+08:00 ] ::1 /blog/index.php/Home/Cate/index/id/1
INFO: [ app_init ] --START--
INFO: Run Behavior\BuildLiteBehavior [ RunTime:0.000000s ]
INFO: [ app_init ] --END-- [ RunTime:0.000000s ]
INFO: [ app_begin ] --START--
INFO: Run Behavior\ReadHtmlCacheBehavior [ RunTime:0.000000s ]
INFO: [ app_begin ] --END-- [ RunTime:0.001001s ]
SQL: SHOW COLUMNS FROM `zbg_cate` [ RunTime:0.0050s ]
SQL: SELECT * FROM `zbg_cate` ORDER BY sort desc  [ RunTime:0.0000s ]
SQL: SHOW COLUMNS FROM `zbg_link` [ RunTime:0.0050s ]
SQL: SELECT * FROM `zbg_link` ORDER BY sort desc  [ RunTime:0.0000s ]
SQL: SHOW COLUMNS FROM `zbg_article` [ RunTime:0.0040s ]
SQL: SELECT * FROM `zbg_article` ORDER BY time desc LIMIT 8   [ RunTime:0.0000s ]
NOTIC: [8] Undefined variable: User G:\wamp\www\blog\Application\Home\Controller\CateController.class.php 第 9 行.

[ 2016-10-12T22:06:41+08:00 ] ::1 /blog/index.php/Home/Cate/index/id/1
INFO: [ app_init ] --START--
INFO: Run Behavior\BuildLiteBehavior [ RunTime:0.000000s ]
INFO: [ app_init ] --END-- [ RunTime:0.001000s ]
INFO: [ app_begin ] --START--
INFO: Run Behavior\ReadHtmlCacheBehavior [ RunTime:0.001000s ]
INFO: [ app_begin ] --END-- [ RunTime:0.001000s ]
SQL: SHOW COLUMNS FROM `zbg_cate` [ RunTime:0.0050s ]
SQL: SELECT * FROM `zbg_cate` ORDER BY sort desc  [ RunTime:0.0000s ]
SQL: SHOW COLUMNS FROM `zbg_link` [ RunTime:0.0060s ]
SQL: SELECT * FROM `zbg_link` ORDER BY sort desc  [ RunTime:0.0010s ]
SQL: SHOW COLUMNS FROM `zbg_article` [ RunTime:0.0070s ]
SQL: SELECT * FROM `zbg_article` ORDER BY time desc LIMIT 8   [ RunTime:0.0010s ]
SQL: SELECT COUNT(*) AS tp_count FROM `zbg_article` WHERE `cateid` = 1 LIMIT 1   [ RunTime:0.0010s ]
ERR: Think\Model:show方法不存在！

[ 2016-10-12T22:06:50+08:00 ] ::1 /blog/index.php/Home/Cate/index/id/1
INFO: [ app_init ] --START--
INFO: Run Behavior\BuildLiteBehavior [ RunTime:0.000000s ]
INFO: [ app_init ] --END-- [ RunTime:0.001000s ]
INFO: [ app_begin ] --START--
INFO: Run Behavior\ReadHtmlCacheBehavior [ RunTime:0.001000s ]
INFO: [ app_begin ] --END-- [ RunTime:0.001000s ]
SQL: SHOW COLUMNS FROM `zbg_cate` [ RunTime:0.0050s ]
SQL: SELECT * FROM `zbg_cate` ORDER BY sort desc  [ RunTime:0.0010s ]
SQL: SHOW COLUMNS FROM `zbg_link` [ RunTime:0.0040s ]
SQL: SELECT * FROM `zbg_link` ORDER BY sort desc  [ RunTime:0.0010s ]
SQL: SHOW COLUMNS FROM `zbg_article` [ RunTime:0.0050s ]
SQL: SELECT * FROM `zbg_article` ORDER BY time desc LIMIT 8   [ RunTime:0.0010s ]
SQL: SELECT COUNT(*) AS tp_count FROM `zbg_article` WHERE `cateid` = 1 LIMIT 1   [ RunTime:0.0010s ]
SQL: SELECT * FROM `zbg_article` WHERE `cateid` = 1 ORDER BY time desc LIMIT 0,2   [ RunTime:0.0010s ]
INFO: [ view_parse ] --START--
INFO: [ template_filter ] --START--
INFO: Run Behavior\ContentReplaceBehavior [ RunTime:0.000000s ]
INFO: [ template_filter ] --END-- [ RunTime:0.000000s ]
INFO: Run Behavior\ParseTemplateBehavior [ RunTime:0.028002s ]
INFO: [ view_parse ] --END-- [ RunTime:0.028002s ]
INFO: [ view_filter ] --START--
INFO: Run Behavior\WriteHtmlCacheBehavior [ RunTime:0.001000s ]
INFO: [ view_filter ] --END-- [ RunTime:0.001000s ]
INFO: [ app_end ] --START--
INFO: Run Behavior\ShowPageTraceBehavior [ RunTime:0.001000s ]
INFO: [ app_end ] --END-- [ RunTime:0.002000s ]

[ 2016-10-12T22:06:50+08:00 ] ::1 /blog/index.php/Home/Cate/index/id/images/5616542160.jpg
INFO: [ app_init ] --START--
INFO: Run Behavior\BuildLiteBehavior [ RunTime:0.000000s ]
INFO: [ app_init ] --END-- [ RunTime:0.002000s ]

[ 2016-10-12T22:07:07+08:00 ] ::1 /blog/index.php/Home/Cate/index/id/1
INFO: [ app_init ] --START--
INFO: Run Behavior\BuildLiteBehavior [ RunTime:0.000000s ]
INFO: [ app_init ] --END-- [ RunTime:0.001000s ]
INFO: [ app_begin ] --START--
INFO: Run Behavior\ReadHtmlCacheBehavior [ RunTime:0.001000s ]
INFO: [ app_begin ] --END-- [ RunTime:0.001000s ]
SQL: SHOW COLUMNS FROM `zbg_cate` [ RunTime:0.0050s ]
SQL: SELECT * FROM `zbg_cate` ORDER BY sort desc  [ RunTime:0.0000s ]
SQL: SHOW COLUMNS FROM `zbg_link` [ RunTime:0.0040s ]
SQL: SELECT * FROM `zbg_link` ORDER BY sort desc  [ RunTime:0.0010s ]
SQL: SHOW COLUMNS FROM `zbg_article` [ RunTime:0.0050s ]
SQL: SELECT * FROM `zbg_article` ORDER BY time desc LIMIT 8   [ RunTime:0.0010s ]
SQL: SELECT COUNT(*) AS tp_count FROM `zbg_article` WHERE `cateid` = 1 LIMIT 1   [ RunTime:0.0000s ]
SQL: SELECT * FROM `zbg_article` WHERE `cateid` = 1 ORDER BY time desc LIMIT 0,2   [ RunTime:0.0010s ]
INFO: [ view_parse ] --START--
INFO: [ template_filter ] --START--
INFO: Run Behavior\ContentReplaceBehavior [ RunTime:0.000000s ]
INFO: [ template_filter ] --END-- [ RunTime:0.001000s ]
INFO: Run Behavior\ParseTemplateBehavior [ RunTime:0.027002s ]
INFO: [ view_parse ] --END-- [ RunTime:0.027002s ]
INFO: [ view_filter ] --START--
INFO: Run Behavior\WriteHtmlCacheBehavior [ RunTime:0.000000s ]
INFO: [ view_filter ] --END-- [ RunTime:0.000000s ]
INFO: [ app_end ] --START--
INFO: Run Behavior\ShowPageTraceBehavior [ RunTime:0.001000s ]
INFO: [ app_end ] --END-- [ RunTime:0.001000s ]

[ 2016-10-12T22:07:07+08:00 ] ::1 /blog/index.php/Home/Cate/index/id/images/5616542160.jpg
INFO: [ app_init ] --START--
INFO: Run Behavior\BuildLiteBehavior [ RunTime:0.000000s ]
INFO: [ app_init ] --END-- [ RunTime:0.001000s ]

